TN:
SF:/home/mariocaster/WebstormProjects/git-cli/index.js
FN:12,(anonymous_1)
FN:16,(anonymous_2)
FN:20,(anonymous_3)
FN:24,(anonymous_4)
FN:28,(anonymous_5)
FN:32,(anonymous_6)
FN:36,(anonymous_7)
FN:40,(anonymous_8)
FN:44,(anonymous_9)
FN:48,(anonymous_10)
FN:52,(anonymous_11)
FN:56,(anonymous_12)
FN:60,(anonymous_13)
FN:64,(anonymous_14)
FN:68,(anonymous_15)
FN:72,(anonymous_16)
FN:76,(anonymous_17)
FN:80,(anonymous_18)
FN:84,(anonymous_19)
FN:88,(anonymous_20)
FN:92,(anonymous_21)
FN:96,(anonymous_22)
FN:100,(anonymous_23)
FN:105,execPromise
FN:118,(anonymous_25)
FNF:25
FNH:9
FNDA:1,(anonymous_1)
FNDA:0,(anonymous_2)
FNDA:1,(anonymous_3)
FNDA:0,(anonymous_4)
FNDA:0,(anonymous_5)
FNDA:1,(anonymous_6)
FNDA:4,(anonymous_7)
FNDA:0,(anonymous_8)
FNDA:0,(anonymous_9)
FNDA:0,(anonymous_10)
FNDA:2,(anonymous_11)
FNDA:0,(anonymous_12)
FNDA:0,(anonymous_13)
FNDA:0,(anonymous_14)
FNDA:0,(anonymous_15)
FNDA:1,(anonymous_16)
FNDA:0,(anonymous_17)
FNDA:1,(anonymous_18)
FNDA:0,(anonymous_19)
FNDA:0,(anonymous_20)
FNDA:0,(anonymous_21)
FNDA:0,(anonymous_22)
FNDA:0,(anonymous_23)
FNDA:11,execPromise
FNDA:11,(anonymous_25)
DA:5,1
DA:7,1
DA:13,1
DA:17,0
DA:21,1
DA:25,0
DA:29,0
DA:33,1
DA:37,4
DA:41,0
DA:45,0
DA:49,0
DA:53,2
DA:57,0
DA:61,0
DA:65,0
DA:69,0
DA:73,1
DA:77,0
DA:81,1
DA:85,0
DA:89,0
DA:93,0
DA:97,0
DA:101,0
DA:105,1
DA:106,11
DA:107,6
DA:111,5
DA:112,5
DA:115,11
DA:116,11
DA:117,11
DA:118,11
DA:119,11
DA:121,10
DA:122,10
DA:126,11
DA:129,1
LF:39
LH:23
BRDA:106,1,0,6
BRDA:106,1,1,5
BRDA:111,2,0,5
BRDA:111,2,1,0
BRDA:117,3,0,0
BRDA:117,3,1,11
BRDA:119,4,0,1
BRDA:119,4,1,10
BRDA:119,5,0,11
BRDA:119,5,1,11
BRDA:121,6,0,0
BRDA:121,6,1,10
BRF:12
BRH:9
end_of_record
