TN:
SF:/home/mariocaster/WebstormProjects/git-cli/index.js
FN:12,(anonymous_1)
FN:16,(anonymous_2)
FN:20,(anonymous_3)
FN:24,(anonymous_4)
FN:28,(anonymous_5)
FN:32,(anonymous_6)
FN:36,(anonymous_7)
FN:40,(anonymous_8)
FN:44,(anonymous_9)
FN:48,(anonymous_10)
FN:52,(anonymous_11)
FN:56,(anonymous_12)
FN:63,(anonymous_13)
FN:67,(anonymous_14)
FN:71,(anonymous_15)
FN:78,(anonymous_16)
FN:82,(anonymous_17)
FN:86,(anonymous_18)
FN:90,(anonymous_19)
FN:94,(anonymous_20)
FN:98,(anonymous_21)
FN:105,(anonymous_22)
FN:112,(anonymous_23)
FN:117,execPromise
FN:133,(anonymous_25)
FNF:25
FNH:16
FNDA:1,(anonymous_1)
FNDA:0,(anonymous_2)
FNDA:1,(anonymous_3)
FNDA:1,(anonymous_4)
FNDA:1,(anonymous_5)
FNDA:1,(anonymous_6)
FNDA:4,(anonymous_7)
FNDA:0,(anonymous_8)
FNDA:0,(anonymous_9)
FNDA:0,(anonymous_10)
FNDA:2,(anonymous_11)
FNDA:1,(anonymous_12)
FNDA:0,(anonymous_13)
FNDA:0,(anonymous_14)
FNDA:1,(anonymous_15)
FNDA:1,(anonymous_16)
FNDA:0,(anonymous_17)
FNDA:1,(anonymous_18)
FNDA:0,(anonymous_19)
FNDA:1,(anonymous_20)
FNDA:1,(anonymous_21)
FNDA:1,(anonymous_22)
FNDA:0,(anonymous_23)
FNDA:18,execPromise
FNDA:18,(anonymous_25)
DA:5,1
DA:7,1
DA:13,1
DA:17,0
DA:21,1
DA:25,1
DA:29,1
DA:33,1
DA:37,4
DA:41,0
DA:45,0
DA:49,0
DA:53,2
DA:57,1
DA:58,1
DA:60,1
DA:64,0
DA:68,0
DA:72,1
DA:73,1
DA:75,1
DA:79,1
DA:83,0
DA:87,1
DA:91,0
DA:95,1
DA:99,1
DA:100,1
DA:102,1
DA:106,1
DA:107,1
DA:109,1
DA:113,0
DA:117,1
DA:118,18
DA:119,13
DA:123,5
DA:124,5
DA:127,18
DA:128,18
DA:131,18
DA:133,18
DA:135,18
DA:137,18
DA:138,0
DA:140,18
DA:144,18
DA:147,1
LF:48
LH:38
BRDA:57,1,0,1
BRDA:57,1,1,0
BRDA:72,2,0,1
BRDA:72,2,1,0
BRDA:99,3,0,1
BRDA:99,3,1,0
BRDA:106,4,0,1
BRDA:106,4,1,0
BRDA:118,5,0,13
BRDA:118,5,1,5
BRDA:123,6,0,5
BRDA:123,6,1,0
BRDA:131,7,0,0
BRDA:131,7,1,18
BRDA:135,8,0,0
BRDA:135,8,1,18
BRDA:137,9,0,0
BRDA:137,9,1,18
BRF:18
BRH:10
end_of_record
